running egg_info
creating ../../build/py_magnetometer_driver/py_magnetometer_driver.egg-info
writing ../../build/py_magnetometer_driver/py_magnetometer_driver.egg-info/PKG-INFO
writing dependency_links to ../../build/py_magnetometer_driver/py_magnetometer_driver.egg-info/dependency_links.txt
writing entry points to ../../build/py_magnetometer_driver/py_magnetometer_driver.egg-info/entry_points.txt
writing requirements to ../../build/py_magnetometer_driver/py_magnetometer_driver.egg-info/requires.txt
writing top-level names to ../../build/py_magnetometer_driver/py_magnetometer_driver.egg-info/top_level.txt
writing manifest file '../../build/py_magnetometer_driver/py_magnetometer_driver.egg-info/SOURCES.txt'
reading manifest file '../../build/py_magnetometer_driver/py_magnetometer_driver.egg-info/SOURCES.txt'
writing manifest file '../../build/py_magnetometer_driver/py_magnetometer_driver.egg-info/SOURCES.txt'
running build
running build_py
creating /home/rhody/ros2_dev/build/py_magnetometer_driver/build
creating /home/rhody/ros2_dev/build/py_magnetometer_driver/build/lib
creating /home/rhody/ros2_dev/build/py_magnetometer_driver/build/lib/py_magnetometer_driver
copying py_magnetometer_driver/magnetometer_node.py -> /home/rhody/ros2_dev/build/py_magnetometer_driver/build/lib/py_magnetometer_driver
copying py_magnetometer_driver/__init__.py -> /home/rhody/ros2_dev/build/py_magnetometer_driver/build/lib/py_magnetometer_driver
running install
running install_lib
creating /home/rhody/ros2_dev/install/py_magnetometer_driver/lib/python3.10/site-packages/py_magnetometer_driver
copying /home/rhody/ros2_dev/build/py_magnetometer_driver/build/lib/py_magnetometer_driver/magnetometer_node.py -> /home/rhody/ros2_dev/install/py_magnetometer_driver/lib/python3.10/site-packages/py_magnetometer_driver
copying /home/rhody/ros2_dev/build/py_magnetometer_driver/build/lib/py_magnetometer_driver/__init__.py -> /home/rhody/ros2_dev/install/py_magnetometer_driver/lib/python3.10/site-packages/py_magnetometer_driver
byte-compiling /home/rhody/ros2_dev/install/py_magnetometer_driver/lib/python3.10/site-packages/py_magnetometer_driver/magnetometer_node.py to magnetometer_node.cpython-310.pyc
byte-compiling /home/rhody/ros2_dev/install/py_magnetometer_driver/lib/python3.10/site-packages/py_magnetometer_driver/__init__.py to __init__.cpython-310.pyc
running install_data
creating /home/rhody/ros2_dev/install/py_magnetometer_driver/share/ament_index
creating /home/rhody/ros2_dev/install/py_magnetometer_driver/share/ament_index/resource_index
creating /home/rhody/ros2_dev/install/py_magnetometer_driver/share/ament_index/resource_index/packages
copying resource/py_magnetometer_driver -> /home/rhody/ros2_dev/install/py_magnetometer_driver/share/ament_index/resource_index/packages
copying package.xml -> /home/rhody/ros2_dev/install/py_magnetometer_driver/share/py_magnetometer_driver
running install_egg_info
Copying ../../build/py_magnetometer_driver/py_magnetometer_driver.egg-info to /home/rhody/ros2_dev/install/py_magnetometer_driver/lib/python3.10/site-packages/py_magnetometer_driver-0.0.0-py3.10.egg-info
running install_scripts
Installing magnetometer_node script to /home/rhody/ros2_dev/install/py_magnetometer_driver/lib/py_magnetometer_driver
writing list of installed files to '/home/rhody/ros2_dev/build/py_magnetometer_driver/install.log'
