[7.537s] Invoking command in '/home/rhody/ros2_dev/src/py_magnetometer_driver': PYTHONPATH=/home/rhody/ros2_dev/build/py_magnetometer_driver/prefix_override:/home/rhody/ros2_dev/install/py_magnetometer_driver/lib/python3.10/site-packages:${PYTHONPATH} /usr/bin/python3 setup.py egg_info --egg-base ../../build/py_magnetometer_driver build --build-base /home/rhody/ros2_dev/build/py_magnetometer_driver/build install --record /home/rhody/ros2_dev/build/py_magnetometer_driver/install.log --single-version-externally-managed
[9.917s] running egg_info
[9.919s] creating ../../build/py_magnetometer_driver/py_magnetometer_driver.egg-info
[9.921s] writing ../../build/py_magnetometer_driver/py_magnetometer_driver.egg-info/PKG-INFO
[9.922s] writing dependency_links to ../../build/py_magnetometer_driver/py_magnetometer_driver.egg-info/dependency_links.txt
[9.924s] writing entry points to ../../build/py_magnetometer_driver/py_magnetometer_driver.egg-info/entry_points.txt
[9.925s] writing requirements to ../../build/py_magnetometer_driver/py_magnetometer_driver.egg-info/requires.txt
[9.933s] writing top-level names to ../../build/py_magnetometer_driver/py_magnetometer_driver.egg-info/top_level.txt
[9.934s] writing manifest file '../../build/py_magnetometer_driver/py_magnetometer_driver.egg-info/SOURCES.txt'
[9.941s] reading manifest file '../../build/py_magnetometer_driver/py_magnetometer_driver.egg-info/SOURCES.txt'
[9.956s] writing manifest file '../../build/py_magnetometer_driver/py_magnetometer_driver.egg-info/SOURCES.txt'
[9.963s] running build
[9.967s] running build_py
[9.970s] creating /home/rhody/ros2_dev/build/py_magnetometer_driver/build
[9.973s] creating /home/rhody/ros2_dev/build/py_magnetometer_driver/build/lib
[9.980s] creating /home/rhody/ros2_dev/build/py_magnetometer_driver/build/lib/py_magnetometer_driver
[9.986s] copying py_magnetometer_driver/magnetometer_node.py -> /home/rhody/ros2_dev/build/py_magnetometer_driver/build/lib/py_magnetometer_driver
[9.991s] copying py_magnetometer_driver/__init__.py -> /home/rhody/ros2_dev/build/py_magnetometer_driver/build/lib/py_magnetometer_driver
[9.995s] running install
[9.998s] running install_lib
[10.001s] creating /home/rhody/ros2_dev/install/py_magnetometer_driver/lib/python3.10/site-packages/py_magnetometer_driver
[10.004s] copying /home/rhody/ros2_dev/build/py_magnetometer_driver/build/lib/py_magnetometer_driver/magnetometer_node.py -> /home/rhody/ros2_dev/install/py_magnetometer_driver/lib/python3.10/site-packages/py_magnetometer_driver
[10.008s] copying /home/rhody/ros2_dev/build/py_magnetometer_driver/build/lib/py_magnetometer_driver/__init__.py -> /home/rhody/ros2_dev/install/py_magnetometer_driver/lib/python3.10/site-packages/py_magnetometer_driver
[10.011s] byte-compiling /home/rhody/ros2_dev/install/py_magnetometer_driver/lib/python3.10/site-packages/py_magnetometer_driver/magnetometer_node.py to magnetometer_node.cpython-310.pyc
[10.015s] byte-compiling /home/rhody/ros2_dev/install/py_magnetometer_driver/lib/python3.10/site-packages/py_magnetometer_driver/__init__.py to __init__.cpython-310.pyc
[10.018s] running install_data
[10.022s] creating /home/rhody/ros2_dev/install/py_magnetometer_driver/share/ament_index
[10.025s] creating /home/rhody/ros2_dev/install/py_magnetometer_driver/share/ament_index/resource_index
[10.029s] creating /home/rhody/ros2_dev/install/py_magnetometer_driver/share/ament_index/resource_index/packages
[10.032s] copying resource/py_magnetometer_driver -> /home/rhody/ros2_dev/install/py_magnetometer_driver/share/ament_index/resource_index/packages
[10.037s] copying package.xml -> /home/rhody/ros2_dev/install/py_magnetometer_driver/share/py_magnetometer_driver
[10.040s] running install_egg_info
[10.045s] Copying ../../build/py_magnetometer_driver/py_magnetometer_driver.egg-info to /home/rhody/ros2_dev/install/py_magnetometer_driver/lib/python3.10/site-packages/py_magnetometer_driver-0.0.0-py3.10.egg-info
[10.049s] running install_scripts
[10.120s] Installing magnetometer_node script to /home/rhody/ros2_dev/install/py_magnetometer_driver/lib/py_magnetometer_driver
[10.125s] writing list of installed files to '/home/rhody/ros2_dev/build/py_magnetometer_driver/install.log'
[10.338s] Invoked command in '/home/rhody/ros2_dev/src/py_magnetometer_driver' returned '0': PYTHONPATH=/home/rhody/ros2_dev/build/py_magnetometer_driver/prefix_override:/home/rhody/ros2_dev/install/py_magnetometer_driver/lib/python3.10/site-packages:${PYTHONPATH} /usr/bin/python3 setup.py egg_info --egg-base ../../build/py_magnetometer_driver build --build-base /home/rhody/ros2_dev/build/py_magnetometer_driver/build install --record /home/rhody/ros2_dev/build/py_magnetometer_driver/install.log --single-version-externally-managed
