[13.444s] DEBUG:colcon:Command line arguments: ['/usr/bin/colcon', 'build', '--packages-select', 'py_magnetometer_driver']
[13.445s] DEBUG:colcon:Parsed command line arguments: Namespace(log_base=None, log_level=None, verb_name='build', build_base='build', install_base='install', merge_install=False, symlink_install=False, test_result_base=None, continue_on_error=False, executor='parallel', parallel_workers=4, event_handlers=None, ignore_user_meta=False, metas=['./colcon.meta'], base_paths=['.'], packages_ignore=None, packages_ignore_regex=None, paths=None, packages_up_to=None, packages_up_to_regex=None, packages_above=None, packages_above_and_dependencies=None, packages_above_depth=None, packages_select_by_dep=None, packages_skip_by_dep=None, packages_skip_up_to=None, packages_select_build_failed=False, packages_skip_build_finished=False, packages_select_test_failures=False, packages_skip_test_passed=False, packages_select=['py_magnetometer_driver'], packages_skip=None, packages_select_regex=None, packages_skip_regex=None, packages_start=None, packages_end=None, allow_overriding=[], cmake_args=None, cmake_target=None, cmake_target_skip_unavailable=False, cmake_clean_cache=False, cmake_clean_first=False, cmake_force_configure=False, ament_cmake_args=None, catkin_cmake_args=None, catkin_skip_building_tests=False, verb_parser=<colcon_defaults.argument_parser.defaults.DefaultArgumentsDecorator object at 0xffff9f86df00>, verb_extension=<colcon_core.verb.build.BuildVerb object at 0xffff9f8283a0>, main=<bound method BuildVerb.main of <colcon_core.verb.build.BuildVerb object at 0xffff9f8283a0>>)
[13.928s] Level 1:colcon.colcon_core.package_discovery:discover_packages(colcon_meta) check parameters
[13.929s] Level 1:colcon.colcon_core.package_discovery:discover_packages(recursive) check parameters
[13.930s] Level 1:colcon.colcon_core.package_discovery:discover_packages(ignore) check parameters
[13.931s] Level 1:colcon.colcon_core.package_discovery:discover_packages(path) check parameters
[13.932s] Level 1:colcon.colcon_core.package_discovery:discover_packages(colcon_meta) discover
[13.934s] Level 1:colcon.colcon_core.package_discovery:discover_packages(recursive) discover
[13.935s] INFO:colcon.colcon_core.package_discovery:Crawling recursively for packages in '/home/rhody/ros2_dev'
[13.937s] Level 1:colcon.colcon_core.package_identification:_identify(.) by extensions ['ignore', 'ignore_ament_install']
[13.939s] Level 1:colcon.colcon_core.package_identification:_identify(.) by extension 'ignore'
[13.941s] Level 1:colcon.colcon_core.package_identification:_identify(.) by extension 'ignore_ament_install'
[13.943s] Level 1:colcon.colcon_core.package_identification:_identify(.) by extensions ['colcon_pkg']
[13.944s] Level 1:colcon.colcon_core.package_identification:_identify(.) by extension 'colcon_pkg'
[13.945s] Level 1:colcon.colcon_core.package_identification:_identify(.) by extensions ['colcon_meta']
[13.946s] Level 1:colcon.colcon_core.package_identification:_identify(.) by extension 'colcon_meta'
[13.948s] Level 1:colcon.colcon_core.package_identification:_identify(.) by extensions ['ros']
[13.949s] Level 1:colcon.colcon_core.package_identification:_identify(.) by extension 'ros'
[14.018s] Level 1:colcon.colcon_core.package_identification:_identify(.) by extensions ['cmake', 'python']
[14.019s] Level 1:colcon.colcon_core.package_identification:_identify(.) by extension 'cmake'
[14.021s] Level 1:colcon.colcon_core.package_identification:_identify(.) by extension 'python'
[14.022s] Level 1:colcon.colcon_core.package_identification:_identify(.) by extensions ['python_setup_py']
[14.022s] Level 1:colcon.colcon_core.package_identification:_identify(.) by extension 'python_setup_py'
[14.023s] Level 1:colcon.colcon_core.package_identification:_identify(build) by extensions ['ignore', 'ignore_ament_install']
[14.024s] Level 1:colcon.colcon_core.package_identification:_identify(build) by extension 'ignore'
[14.025s] Level 1:colcon.colcon_core.package_identification:_identify(build) ignored
[14.027s] Level 1:colcon.colcon_core.package_identification:_identify(install) by extensions ['ignore', 'ignore_ament_install']
[14.028s] Level 1:colcon.colcon_core.package_identification:_identify(install) by extension 'ignore'
[14.030s] Level 1:colcon.colcon_core.package_identification:_identify(install) ignored
[14.031s] Level 1:colcon.colcon_core.package_identification:_identify(log) by extensions ['ignore', 'ignore_ament_install']
[14.033s] Level 1:colcon.colcon_core.package_identification:_identify(log) by extension 'ignore'
[14.034s] Level 1:colcon.colcon_core.package_identification:_identify(log) ignored
[14.035s] Level 1:colcon.colcon_core.package_identification:_identify(src) by extensions ['ignore', 'ignore_ament_install']
[14.036s] Level 1:colcon.colcon_core.package_identification:_identify(src) by extension 'ignore'
[14.038s] Level 1:colcon.colcon_core.package_identification:_identify(src) by extension 'ignore_ament_install'
[14.039s] Level 1:colcon.colcon_core.package_identification:_identify(src) by extensions ['colcon_pkg']
[14.039s] Level 1:colcon.colcon_core.package_identification:_identify(src) by extension 'colcon_pkg'
[14.040s] Level 1:colcon.colcon_core.package_identification:_identify(src) by extensions ['colcon_meta']
[14.040s] Level 1:colcon.colcon_core.package_identification:_identify(src) by extension 'colcon_meta'
[14.041s] Level 1:colcon.colcon_core.package_identification:_identify(src) by extensions ['ros']
[14.042s] Level 1:colcon.colcon_core.package_identification:_identify(src) by extension 'ros'
[14.045s] Level 1:colcon.colcon_core.package_identification:_identify(src) by extensions ['cmake', 'python']
[14.046s] Level 1:colcon.colcon_core.package_identification:_identify(src) by extension 'cmake'
[14.047s] Level 1:colcon.colcon_core.package_identification:_identify(src) by extension 'python'
[14.049s] Level 1:colcon.colcon_core.package_identification:_identify(src) by extensions ['python_setup_py']
[14.050s] Level 1:colcon.colcon_core.package_identification:_identify(src) by extension 'python_setup_py'
[14.052s] Level 1:colcon.colcon_core.package_identification:_identify(src/py_magnetometer_driver) by extensions ['ignore', 'ignore_ament_install']
[14.053s] Level 1:colcon.colcon_core.package_identification:_identify(src/py_magnetometer_driver) by extension 'ignore'
[14.054s] Level 1:colcon.colcon_core.package_identification:_identify(src/py_magnetometer_driver) by extension 'ignore_ament_install'
[14.054s] Level 1:colcon.colcon_core.package_identification:_identify(src/py_magnetometer_driver) by extensions ['colcon_pkg']
[14.055s] Level 1:colcon.colcon_core.package_identification:_identify(src/py_magnetometer_driver) by extension 'colcon_pkg'
[14.055s] Level 1:colcon.colcon_core.package_identification:_identify(src/py_magnetometer_driver) by extensions ['colcon_meta']
[14.056s] Level 1:colcon.colcon_core.package_identification:_identify(src/py_magnetometer_driver) by extension 'colcon_meta'
[14.056s] Level 1:colcon.colcon_core.package_identification:_identify(src/py_magnetometer_driver) by extensions ['ros']
[14.057s] Level 1:colcon.colcon_core.package_identification:_identify(src/py_magnetometer_driver) by extension 'ros'
[14.073s] DEBUG:colcon.colcon_core.package_identification:Package 'src/py_magnetometer_driver' with type 'ros.ament_python' and name 'py_magnetometer_driver'
[14.074s] Level 1:colcon.colcon_core.package_discovery:discover_packages(recursive) using defaults
[14.074s] Level 1:colcon.colcon_core.package_discovery:discover_packages(ignore) discover
[14.075s] Level 1:colcon.colcon_core.package_discovery:discover_packages(ignore) using defaults
[14.075s] Level 1:colcon.colcon_core.package_discovery:discover_packages(path) discover
[14.076s] Level 1:colcon.colcon_core.package_discovery:discover_packages(path) using defaults
[15.017s] Level 1:colcon.colcon_core.package_discovery:discover_packages(prefix_path) check parameters
[15.017s] Level 1:colcon.colcon_core.package_discovery:discover_packages(prefix_path) discover
[15.423s] DEBUG:colcon.colcon_installed_package_information.package_discovery:Found 316 installed packages in /opt/ros/humble
[15.432s] Level 1:colcon.colcon_core.package_discovery:discover_packages(prefix_path) using defaults
[16.542s] Level 5:colcon.colcon_core.verb:set package 'py_magnetometer_driver' build argument 'cmake_args' from command line to 'None'
[16.542s] Level 5:colcon.colcon_core.verb:set package 'py_magnetometer_driver' build argument 'cmake_target' from command line to 'None'
[16.542s] Level 5:colcon.colcon_core.verb:set package 'py_magnetometer_driver' build argument 'cmake_target_skip_unavailable' from command line to 'False'
[16.542s] Level 5:colcon.colcon_core.verb:set package 'py_magnetometer_driver' build argument 'cmake_clean_cache' from command line to 'False'
[16.543s] Level 5:colcon.colcon_core.verb:set package 'py_magnetometer_driver' build argument 'cmake_clean_first' from command line to 'False'
[16.543s] Level 5:colcon.colcon_core.verb:set package 'py_magnetometer_driver' build argument 'cmake_force_configure' from command line to 'False'
[16.543s] Level 5:colcon.colcon_core.verb:set package 'py_magnetometer_driver' build argument 'ament_cmake_args' from command line to 'None'
[16.543s] Level 5:colcon.colcon_core.verb:set package 'py_magnetometer_driver' build argument 'catkin_cmake_args' from command line to 'None'
[16.543s] Level 5:colcon.colcon_core.verb:set package 'py_magnetometer_driver' build argument 'catkin_skip_building_tests' from command line to 'False'
[16.543s] DEBUG:colcon.colcon_core.verb:Building package 'py_magnetometer_driver' with the following arguments: {'ament_cmake_args': None, 'build_base': '/home/rhody/ros2_dev/build/py_magnetometer_driver', 'catkin_cmake_args': None, 'catkin_skip_building_tests': False, 'cmake_args': None, 'cmake_clean_cache': False, 'cmake_clean_first': False, 'cmake_force_configure': False, 'cmake_target': None, 'cmake_target_skip_unavailable': False, 'install_base': '/home/rhody/ros2_dev/install/py_magnetometer_driver', 'merge_install': False, 'path': '/home/rhody/ros2_dev/src/py_magnetometer_driver', 'symlink_install': False, 'test_result_base': None}
[16.656s] INFO:colcon.colcon_core.executor:Executing jobs using 'parallel' executor
[16.770s] DEBUG:colcon.colcon_parallel_executor.executor.parallel:run_until_complete
[16.771s] INFO:colcon.colcon_ros.task.ament_python.build:Building ROS package in '/home/rhody/ros2_dev/src/py_magnetometer_driver' with build type 'ament_python'
[16.772s] Level 1:colcon.colcon_core.shell:create_environment_hook('py_magnetometer_driver', 'ament_prefix_path')
[17.730s] INFO:colcon.colcon_core.plugin_system:Skipping extension 'colcon_core.shell.bat': Not used on non-Windows systems
[17.730s] INFO:colcon.colcon_core.shell:Creating environment hook '/home/rhody/ros2_dev/install/py_magnetometer_driver/share/py_magnetometer_driver/hook/ament_prefix_path.ps1'
[17.735s] INFO:colcon.colcon_core.shell:Creating environment descriptor '/home/rhody/ros2_dev/install/py_magnetometer_driver/share/py_magnetometer_driver/hook/ament_prefix_path.dsv'
[17.738s] INFO:colcon.colcon_core.shell:Creating environment hook '/home/rhody/ros2_dev/install/py_magnetometer_driver/share/py_magnetometer_driver/hook/ament_prefix_path.sh'
[17.911s] INFO:colcon.colcon_core.shell:Skip shell extension 'powershell' for command environment: Not usable outside of PowerShell
[17.912s] DEBUG:colcon.colcon_core.shell:Skip shell extension 'dsv' for command environment
[20.410s] INFO:colcon.colcon_core.task.python.build:Building Python package in '/home/rhody/ros2_dev/src/py_magnetometer_driver'
[20.561s] INFO:colcon.colcon_core.shell:Skip shell extension 'powershell' for command environment: Not usable outside of PowerShell
[20.561s] DEBUG:colcon.colcon_core.shell:Skip shell extension 'dsv' for command environment
[24.309s] DEBUG:colcon.colcon_core.event_handler.log_command:Invoking command in '/home/rhody/ros2_dev/src/py_magnetometer_driver': PYTHONPATH=/home/rhody/ros2_dev/build/py_magnetometer_driver/prefix_override:/home/rhody/ros2_dev/install/py_magnetometer_driver/lib/python3.10/site-packages:${PYTHONPATH} /usr/bin/python3 setup.py egg_info --egg-base ../../build/py_magnetometer_driver build --build-base /home/rhody/ros2_dev/build/py_magnetometer_driver/build install --record /home/rhody/ros2_dev/build/py_magnetometer_driver/install.log --single-version-externally-managed
[27.112s] DEBUG:colcon.colcon_core.event_handler.log_command:Invoked command in '/home/rhody/ros2_dev/src/py_magnetometer_driver' returned '0': PYTHONPATH=/home/rhody/ros2_dev/build/py_magnetometer_driver/prefix_override:/home/rhody/ros2_dev/install/py_magnetometer_driver/lib/python3.10/site-packages:${PYTHONPATH} /usr/bin/python3 setup.py egg_info --egg-base ../../build/py_magnetometer_driver build --build-base /home/rhody/ros2_dev/build/py_magnetometer_driver/build install --record /home/rhody/ros2_dev/build/py_magnetometer_driver/install.log --single-version-externally-managed
[27.310s] Level 1:colcon.colcon_core.environment:checking '/home/rhody/ros2_dev/install/py_magnetometer_driver' for CMake module files
[27.313s] Level 1:colcon.colcon_core.environment:checking '/home/rhody/ros2_dev/install/py_magnetometer_driver' for CMake config files
[27.320s] Level 1:colcon.colcon_core.environment:checking '/home/rhody/ros2_dev/install/py_magnetometer_driver/lib'
[27.321s] Level 1:colcon.colcon_core.environment:checking '/home/rhody/ros2_dev/install/py_magnetometer_driver/bin'
[27.322s] Level 1:colcon.colcon_core.environment:checking '/home/rhody/ros2_dev/install/py_magnetometer_driver/lib/pkgconfig/py_magnetometer_driver.pc'
[27.323s] Level 1:colcon.colcon_core.environment:checking '/home/rhody/ros2_dev/install/py_magnetometer_driver/lib/python3.10/site-packages'
[27.324s] Level 1:colcon.colcon_core.shell:create_environment_hook('py_magnetometer_driver', 'pythonpath')
[27.483s] INFO:colcon.colcon_core.shell:Creating environment hook '/home/rhody/ros2_dev/install/py_magnetometer_driver/share/py_magnetometer_driver/hook/pythonpath.ps1'
[27.486s] INFO:colcon.colcon_core.shell:Creating environment descriptor '/home/rhody/ros2_dev/install/py_magnetometer_driver/share/py_magnetometer_driver/hook/pythonpath.dsv'
[27.487s] INFO:colcon.colcon_core.shell:Creating environment hook '/home/rhody/ros2_dev/install/py_magnetometer_driver/share/py_magnetometer_driver/hook/pythonpath.sh'
[27.491s] Level 1:colcon.colcon_core.environment:checking '/home/rhody/ros2_dev/install/py_magnetometer_driver/bin'
[27.492s] Level 1:colcon.colcon_core.environment:create_environment_scripts_only(py_magnetometer_driver)
[27.667s] INFO:colcon.colcon_core.shell:Creating package script '/home/rhody/ros2_dev/install/py_magnetometer_driver/share/py_magnetometer_driver/package.ps1'
[27.672s] INFO:colcon.colcon_core.shell:Creating package descriptor '/home/rhody/ros2_dev/install/py_magnetometer_driver/share/py_magnetometer_driver/package.dsv'
[27.677s] INFO:colcon.colcon_core.shell:Creating package script '/home/rhody/ros2_dev/install/py_magnetometer_driver/share/py_magnetometer_driver/package.sh'
[27.682s] INFO:colcon.colcon_core.shell:Creating package script '/home/rhody/ros2_dev/install/py_magnetometer_driver/share/py_magnetometer_driver/package.bash'
[27.687s] INFO:colcon.colcon_core.shell:Creating package script '/home/rhody/ros2_dev/install/py_magnetometer_driver/share/py_magnetometer_driver/package.zsh'
[27.692s] Level 1:colcon.colcon_core.environment:create_file_with_runtime_dependencies(/home/rhody/ros2_dev/install/py_magnetometer_driver/share/colcon-core/packages/py_magnetometer_driver)
[27.694s] DEBUG:colcon.colcon_parallel_executor.executor.parallel:closing loop
[27.696s] DEBUG:colcon.colcon_parallel_executor.executor.parallel:loop closed
[27.697s] DEBUG:colcon.colcon_parallel_executor.executor.parallel:run_until_complete finished with '0'
[27.697s] DEBUG:colcon.colcon_core.event_reactor:joining thread
[27.921s] INFO:colcon.colcon_core.plugin_system:Skipping extension 'colcon_notification.desktop_notification.terminal_notifier': Not used on non-Darwin systems
[27.922s] INFO:colcon.colcon_core.plugin_system:Skipping extension 'colcon_notification.desktop_notification.win32': Not used on non-Windows systems
[27.923s] INFO:colcon.colcon_notification.desktop_notification:Sending desktop notification using 'notify2'
[28.197s] DEBUG:colcon.colcon_core.event_reactor:joined thread
[28.514s] INFO:colcon.colcon_core.shell:Creating prefix script '/home/rhody/ros2_dev/install/local_setup.ps1'
[28.521s] INFO:colcon.colcon_core.shell:Creating prefix util module '/home/rhody/ros2_dev/install/_local_setup_util_ps1.py'
[28.530s] INFO:colcon.colcon_core.shell:Creating prefix chain script '/home/rhody/ros2_dev/install/setup.ps1'
[28.751s] INFO:colcon.colcon_core.shell:Creating prefix script '/home/rhody/ros2_dev/install/local_setup.sh'
[28.756s] INFO:colcon.colcon_core.shell:Creating prefix util module '/home/rhody/ros2_dev/install/_local_setup_util_sh.py'
[28.759s] INFO:colcon.colcon_core.shell:Creating prefix chain script '/home/rhody/ros2_dev/install/setup.sh'
[29.020s] INFO:colcon.colcon_core.shell:Creating prefix script '/home/rhody/ros2_dev/install/local_setup.bash'
[29.034s] INFO:colcon.colcon_core.shell:Creating prefix chain script '/home/rhody/ros2_dev/install/setup.bash'
[29.315s] INFO:colcon.colcon_core.shell:Creating prefix script '/home/rhody/ros2_dev/install/local_setup.zsh'
[29.320s] INFO:colcon.colcon_core.shell:Creating prefix chain script '/home/rhody/ros2_dev/install/setup.zsh'
